2025-09-02 03:19:32 | INFO | revolut.webhooks | HTTP GET https://sandbox-merchant.revolut.com/api/1.0/webhooks -> 200 | [{"id":"2db0ee45-b808-4fcb-b1f6-57f9826a2277","url":"https://a70335d3b895.ngrok-free.app/webhook/revolut","events":["ORDER_COMPLETED","ORDER_AUTHORISED"]},{"id":"929ee5bf-13dc-44f4-9f1c-2205b6626c72","url":"https://realwin.ai/webhook/revolut","events":["ORDER_COMPLETED","ORDER_AUTHORISED"]}]
2025-09-02 03:19:32 | INFO | revolut.webhooks | Creating webhook: https://76728677da41.ngrok-free.app/subscriptions/webhook events=['ORDER_COMPLETED', 'ORDER_AUTHORISED']
2025-09-02 03:19:32 | INFO | revolut.webhooks | HTTP POST https://sandbox-merchant.revolut.com/api/1.0/webhooks -> 200 | {"id":"e432a3e8-598b-4616-b452-f5e597d7cfcf","url":"https://76728677da41.ngrok-free.app/subscriptions/webhook","events":["ORDER_COMPLETED","ORDER_AUTHORISED"],"signing_secret":"wsk_gxcL2R4mWy5ikBShMndNZP96EjIpbr1C"}
2025-09-02 03:19:32 | INFO | revolut.webhooks | Webhook created (id=e432a3e8-598b-4616-b452-f5e597d7cfcf). Signing secret returned (hidden).
2025-09-02 08:38:31 | INFO | revolut.webhooks | HTTP GET https://merchant.revolut.com/api/1.0/webhooks -> 200 | [{"id":"b4ddaa3f-0297-4050-9eb8-886c491ea342","url":"https://checkout.revolut.com/api/s/revolut/webhook","events":["ORDER_COMPLETED"]},{"id":"5d6eecdf-dd55-42b4-a00e-f8035a5f9b09","url":"https://realwin.ai/webhook/revolut","events":["ORDER_COMPLETED","ORDER_AUTHORISED"]},{"id":"d423ffdb-e358-4543-8ee4-cd3f8cade99a","url":"https://a70335d3b895.ngrok-free.app/webhook/revolut","events":["ORDER_COMPLETED","ORDER_AUTHORISED"]}]
2025-09-02 08:38:31 | INFO | revolut.webhooks | Creating webhook: https://api.realwin.ai/subscriptions/webhook events=['ORDER_COMPLETED', 'ORDER_AUTHORISED']
2025-09-02 08:38:31 | INFO | revolut.webhooks | HTTP POST https://merchant.revolut.com/api/1.0/webhooks -> 200 | {"id":"9c8e3645-ea2d-43c5-91d4-51a6d73e0523","url":"https://api.realwin.ai/subscriptions/webhook","events":["ORDER_COMPLETED","ORDER_AUTHORISED"],"signing_secret":"wsk_mNvFcvMnc0b2bxPeBhhz8qwGjmVyE7fX"}
2025-09-02 08:38:31 | INFO | revolut.webhooks | Webhook created (id=9c8e3645-ea2d-43c5-91d4-51a6d73e0523). Signing secret returned (hidden).
2025-09-14 11:20:58 | INFO | revolut.webhooks | HTTP GET https://merchant.revolut.com/api/1.0/webhooks -> 200 | [{"id":"b4ddaa3f-0297-4050-9eb8-886c491ea342","url":"https://checkout.revolut.com/api/s/revolut/webhook","events":["ORDER_COMPLETED"]},{"id":"5d6eecdf-dd55-42b4-a00e-f8035a5f9b09","url":"https://realwin.ai/webhook/revolut","events":["ORDER_AUTHORISED","ORDER_COMPLETED"]},{"id":"d423ffdb-e358-4543-8ee4-cd3f8cade99a","url":"https://a70335d3b895.ngrok-free.app/webhook/revolut","events":["ORDER_AUTHORISED","ORDER_COMPLETED"]},{"id":"9c8e3645-ea2d-43c5-91d4-51a6d73e0523","url":"https://api.realwin.ai/subscriptions/webhook","events":["ORDER_AUTHORISED","ORDER_COMPLETED"]}]
2025-09-14 11:20:58 | INFO | revolut.webhooks | Creating webhook: https://5af04b459489.ngrok-free.app/subscriptions/webhook events=['ORDER_COMPLETED', 'ORDER_AUTHORISED']
2025-09-14 11:20:58 | INFO | revolut.webhooks | HTTP POST https://merchant.revolut.com/api/1.0/webhooks -> 200 | {"id":"2384c413-9379-4900-96bb-9bb7a9b4de59","url":"https://5af04b459489.ngrok-free.app/subscriptions/webhook","events":["ORDER_AUTHORISED","ORDER_COMPLETED"],"signing_secret":"wsk_i1oJ4odHOYeXXpCKaD8omk4R2lQ8DAia"}
2025-09-14 11:20:58 | INFO | revolut.webhooks | Webhook created (id=2384c413-9379-4900-96bb-9bb7a9b4de59). Signing secret returned (hidden).
2025-09-14 11:22:25 | INFO | revolut.webhooks | HTTP GET https://merchant.revolut.com/api/1.0/webhooks -> 200 | [{"id":"b4ddaa3f-0297-4050-9eb8-886c491ea342","url":"https://checkout.revolut.com/api/s/revolut/webhook","events":["ORDER_COMPLETED"]},{"id":"5d6eecdf-dd55-42b4-a00e-f8035a5f9b09","url":"https://realwin.ai/webhook/revolut","events":["ORDER_COMPLETED","ORDER_AUTHORISED"]},{"id":"d423ffdb-e358-4543-8ee4-cd3f8cade99a","url":"https://a70335d3b895.ngrok-free.app/webhook/revolut","events":["ORDER_COMPLETED","ORDER_AUTHORISED"]},{"id":"9c8e3645-ea2d-43c5-91d4-51a6d73e0523","url":"https://api.realwin.ai/subscriptions/webhook","events":["ORDER_COMPLETED","ORDER_AUTHORISED"]},{"id":"2384c413-9379-4900-9…
2025-09-14 11:22:25 | INFO | revolut.webhooks | Webhook already up to date (id=2384c413-9379-4900-96bb-9bb7a9b4de59)
2025-09-14 11:22:25 | ERROR | revolut.webhooks | Unexpected error
Traceback (most recent call last):
  File "/Users/zohaibahmad/Desktop/realwin-backend/scripts/webhook_manager.py", line 164, in <module>
    print(list_webhooks())
          ^^^^^^^^^^^^^^^
TypeError: list_webhooks() missing 1 required positional argument: 'client'
2025-09-14 11:35:52 | INFO | revolut.webhooks | HTTP GET https://merchant.revolut.com/api/1.0/webhooks -> 200 | [{"id":"b4ddaa3f-0297-4050-9eb8-886c491ea342","url":"https://checkout.revolut.com/api/s/revolut/webhook","events":["ORDER_COMPLETED"]},{"id":"5d6eecdf-dd55-42b4-a00e-f8035a5f9b09","url":"https://realwin.ai/webhook/revolut","events":["ORDER_AUTHORISED","ORDER_COMPLETED"]},{"id":"d423ffdb-e358-4543-8ee4-cd3f8cade99a","url":"https://a70335d3b895.ngrok-free.app/webhook/revolut","events":["ORDER_AUTHORISED","ORDER_COMPLETED"]},{"id":"9c8e3645-ea2d-43c5-91d4-51a6d73e0523","url":"https://api.realwin.ai/subscriptions/webhook","events":["ORDER_AUTHORISED","ORDER_COMPLETED"]},{"id":"2384c413-9379-4900-9…
2025-09-20 12:09:11 | INFO | revolut.webhooks | HTTP GET https://sandbox-merchant.revolut.com/api/1.0/webhooks -> 200 | [{"id":"2db0ee45-b808-4fcb-b1f6-57f9826a2277","url":"https://a70335d3b895.ngrok-free.app/webhook/revolut","events":["ORDER_AUTHORISED","ORDER_COMPLETED"]},{"id":"929ee5bf-13dc-44f4-9f1c-2205b6626c72","url":"https://realwin.ai/webhook/revolut","events":["ORDER_AUTHORISED","ORDER_COMPLETED"]},{"id":"e432a3e8-598b-4616-b452-f5e597d7cfcf","url":"https://76728677da41.ngrok-free.app/subscriptions/webhook","events":["ORDER_AUTHORISED","ORDER_COMPLETED"]}]
2025-09-20 12:09:11 | INFO | revolut.webhooks | Creating webhook: https://dev-api.realwin.ai/subscriptions/webhook events=['ORDER_COMPLETED', 'ORDER_AUTHORISED']
2025-09-20 12:09:12 | INFO | revolut.webhooks | HTTP POST https://sandbox-merchant.revolut.com/api/1.0/webhooks -> 200 | {"id":"a11be2d5-738a-4bbc-9abd-9825017eed43","url":"https://dev-api.realwin.ai/subscriptions/webhook","events":["ORDER_AUTHORISED","ORDER_COMPLETED"],"signing_secret":"wsk_V2T0fPulghFlwmsS14NQszeDlMwnU9L1"}
2025-09-20 12:09:12 | INFO | revolut.webhooks | Webhook created (id=a11be2d5-738a-4bbc-9abd-9825017eed43). Signing secret returned (hidden).
2025-09-23 15:30:45 | INFO | revolut.webhooks | HTTP GET https://sandbox-merchant.revolut.com/api/1.0/webhooks -> 200 | [{"id":"2db0ee45-b808-4fcb-b1f6-57f9826a2277","url":"https://a70335d3b895.ngrok-free.app/webhook/revolut","events":["ORDER_AUTHORISED","ORDER_COMPLETED"]},{"id":"929ee5bf-13dc-44f4-9f1c-2205b6626c72","url":"https://realwin.ai/webhook/revolut","events":["ORDER_AUTHORISED","ORDER_COMPLETED"]},{"id":"e432a3e8-598b-4616-b452-f5e597d7cfcf","url":"https://76728677da41.ngrok-free.app/subscriptions/webhook","events":["ORDER_AUTHORISED","ORDER_COMPLETED"]},{"id":"a11be2d5-738a-4bbc-9abd-9825017eed43","url":"https://dev-api.realwin.ai/subscriptions/webhook","events":["ORDER_AUTHORISED","ORDER_COMPLETED"…
2025-09-23 15:30:45 | INFO | revolut.webhooks | Creating webhook: https://5af04b459489.ngrok-free.app/subscriptions/webhook events=['ORDER_COMPLETED', 'ORDER_AUTHORISED']
2025-09-23 15:30:45 | INFO | revolut.webhooks | HTTP POST https://sandbox-merchant.revolut.com/api/1.0/webhooks -> 200 | {"id":"9159e954-fc1a-47d4-94b2-ed0474a39fdb","url":"https://5af04b459489.ngrok-free.app/subscriptions/webhook","events":["ORDER_AUTHORISED","ORDER_COMPLETED"],"signing_secret":"wsk_pZvn5c8ZRGelF5JGJTBnwqhT4nEtLrcq"}
2025-09-23 15:30:45 | INFO | revolut.webhooks | Webhook created (id=9159e954-fc1a-47d4-94b2-ed0474a39fdb). Signing secret returned (hidden).
